Analysis & Synthesis report for alu
Fri May 17 13:40:19 2024
Quartus Prime Version 20.1.1 Build 720 11/11/2020 SJ Lite Edition


---------------------
; Table of Contents ;
---------------------
  1. Legal Notice
  2. Analysis & Synthesis Summary
  3. Analysis & Synthesis Settings
  4. Parallel Compilation
  5. Analysis & Synthesis Source Files Read
  6. Analysis & Synthesis Resource Usage Summary
  7. Analysis & Synthesis Resource Utilization by Entity
  8. General Register Statistics
  9. Multiplexer Restructuring Statistics (Restructuring Performed)
 10. Port Connectivity Checks: "widemux:alu_mux"
 11. Post-Synthesis Netlist Statistics for Top Partition
 12. Elapsed Time Per Partition
 13. Analysis & Synthesis Messages



----------------
; Legal Notice ;
----------------
Copyright (C) 2020  Intel Corporation. All rights reserved.
Your use of Intel Corporation's design tools, logic functions 
and other software and tools, and any partner logic 
functions, and any output files from any of the foregoing 
(including device programming or simulation files), and any 
associated documentation or information are expressly subject 
to the terms and conditions of the Intel Program License 
Subscription Agreement, the Intel Quartus Prime License Agreement,
the Intel FPGA IP License Agreement, or other applicable license
agreement, including, without limitation, that your use is for
the sole purpose of programming logic devices manufactured by
Intel and sold by Intel or its authorized distributors.  Please
refer to the applicable agreement for further details, at
https://fpgasoftware.intel.com/eula.



+---------------------------------------------------------------------------------+
; Analysis & Synthesis Summary                                                    ;
+-----------------------------------+---------------------------------------------+
; Analysis & Synthesis Status       ; Successful - Fri May 17 13:40:19 2024       ;
; Quartus Prime Version             ; 20.1.1 Build 720 11/11/2020 SJ Lite Edition ;
; Revision Name                     ; alu                                         ;
; Top-level Entity Name             ; alu                                         ;
; Family                            ; Arria II GX                                 ;
; Logic utilization                 ; N/A                                         ;
;     Combinational ALUTs           ; 103                                         ;
;     Memory ALUTs                  ; 0                                           ;
;     Dedicated logic registers     ; 0                                           ;
; Total registers                   ; 0                                           ;
; Total pins                        ; 38                                          ;
; Total virtual pins                ; 0                                           ;
; Total block memory bits           ; 0                                           ;
; DSP block 18-bit elements         ; 0                                           ;
; Total GXB Receiver Channel PCS    ; 0                                           ;
; Total GXB Receiver Channel PMA    ; 0                                           ;
; Total GXB Transmitter Channel PCS ; 0                                           ;
; Total GXB Transmitter Channel PMA ; 0                                           ;
; Total PLLs                        ; 0                                           ;
; Total DLLs                        ; 0                                           ;
+-----------------------------------+---------------------------------------------+


+---------------------------------------------------------------------------------------------------------------------------+
; Analysis & Synthesis Settings                                                                                             ;
+---------------------------------------------------------------------------------+--------------------+--------------------+
; Option                                                                          ; Setting            ; Default Value      ;
+---------------------------------------------------------------------------------+--------------------+--------------------+
; Top-level entity name                                                           ; alu                ; alu                ;
; Family name                                                                     ; Arria II GX        ; Cyclone V          ;
; Use smart compilation                                                           ; Off                ; Off                ;
; Enable parallel Assembler and Timing Analyzer during compilation                ; On                 ; On                 ;
; Enable compact report table                                                     ; Off                ; Off                ;
; Restructure Multiplexers                                                        ; Auto               ; Auto               ;
; MLAB Add Timing Constraints For Mixed-Port Feed-Through Mode Setting Don't Care ; Off                ; Off                ;
; Create Debugging Nodes for IP Cores                                             ; Off                ; Off                ;
; Preserve fewer node names                                                       ; On                 ; On                 ;
; Intel FPGA IP Evaluation Mode                                                   ; Enable             ; Enable             ;
; Verilog Version                                                                 ; Verilog_2001       ; Verilog_2001       ;
; VHDL Version                                                                    ; VHDL_1993          ; VHDL_1993          ;
; State Machine Processing                                                        ; Auto               ; Auto               ;
; Safe State Machine                                                              ; Off                ; Off                ;
; Extract Verilog State Machines                                                  ; On                 ; On                 ;
; Extract VHDL State Machines                                                     ; On                 ; On                 ;
; Ignore Verilog initial constructs                                               ; Off                ; Off                ;
; Iteration limit for constant Verilog loops                                      ; 5000               ; 5000               ;
; Iteration limit for non-constant Verilog loops                                  ; 250                ; 250                ;
; Add Pass-Through Logic to Inferred RAMs                                         ; On                 ; On                 ;
; Infer RAMs from Raw Logic                                                       ; On                 ; On                 ;
; Parallel Synthesis                                                              ; On                 ; On                 ;
; DSP Block Balancing                                                             ; Auto               ; Auto               ;
; NOT Gate Push-Back                                                              ; On                 ; On                 ;
; Power-Up Don't Care                                                             ; On                 ; On                 ;
; Remove Redundant Logic Cells                                                    ; Off                ; Off                ;
; Remove Duplicate Registers                                                      ; On                 ; On                 ;
; Ignore CARRY Buffers                                                            ; Off                ; Off                ;
; Ignore CASCADE Buffers                                                          ; Off                ; Off                ;
; Ignore GLOBAL Buffers                                                           ; Off                ; Off                ;
; Ignore ROW GLOBAL Buffers                                                       ; Off                ; Off                ;
; Ignore LCELL Buffers                                                            ; Off                ; Off                ;
; Ignore SOFT Buffers                                                             ; On                 ; On                 ;
; Limit AHDL Integers to 32 Bits                                                  ; Off                ; Off                ;
; Optimization Technique                                                          ; Balanced           ; Balanced           ;
; Carry Chain Length                                                              ; 70                 ; 70                 ;
; Auto Carry Chains                                                               ; On                 ; On                 ;
; Auto Open-Drain Pins                                                            ; On                 ; On                 ;
; Perform WYSIWYG Primitive Resynthesis                                           ; Off                ; Off                ;
; Auto ROM Replacement                                                            ; On                 ; On                 ;
; Auto RAM Replacement                                                            ; On                 ; On                 ;
; Auto DSP Block Replacement                                                      ; On                 ; On                 ;
; Auto Shift Register Replacement                                                 ; Auto               ; Auto               ;
; Allow Shift Register Merging across Hierarchies                                 ; Auto               ; Auto               ;
; Auto Clock Enable Replacement                                                   ; On                 ; On                 ;
; Strict RAM Replacement                                                          ; Off                ; Off                ;
; Allow Synchronous Control Signals                                               ; On                 ; On                 ;
; Force Use of Synchronous Clear Signals                                          ; Off                ; Off                ;
; Auto RAM Block Balancing                                                        ; On                 ; On                 ;
; Auto RAM to Logic Cell Conversion                                               ; Off                ; Off                ;
; Auto Resource Sharing                                                           ; Off                ; Off                ;
; Allow Any RAM Size For Recognition                                              ; Off                ; Off                ;
; Allow Any ROM Size For Recognition                                              ; Off                ; Off                ;
; Allow Any Shift Register Size For Recognition                                   ; Off                ; Off                ;
; Use LogicLock Constraints during Resource Balancing                             ; On                 ; On                 ;
; Ignore translate_off and synthesis_off directives                               ; Off                ; Off                ;
; Timing-Driven Synthesis                                                         ; On                 ; On                 ;
; Report Parameter Settings                                                       ; On                 ; On                 ;
; Report Source Assignments                                                       ; On                 ; On                 ;
; Report Connectivity Checks                                                      ; On                 ; On                 ;
; Ignore Maximum Fan-Out Assignments                                              ; Off                ; Off                ;
; Synchronization Register Chain Length                                           ; 3                  ; 3                  ;
; Power Optimization During Synthesis                                             ; Normal compilation ; Normal compilation ;
; HDL message level                                                               ; Level2             ; Level2             ;
; Suppress Register Optimization Related Messages                                 ; Off                ; Off                ;
; Number of Removed Registers Reported in Synthesis Report                        ; 5000               ; 5000               ;
; Number of Swept Nodes Reported in Synthesis Report                              ; 5000               ; 5000               ;
; Number of Inverted Registers Reported in Synthesis Report                       ; 100                ; 100                ;
; Clock MUX Protection                                                            ; On                 ; On                 ;
; Auto Gated Clock Conversion                                                     ; Off                ; Off                ;
; Block Design Naming                                                             ; Auto               ; Auto               ;
; SDC constraint protection                                                       ; Off                ; Off                ;
; Synthesis Effort                                                                ; Auto               ; Auto               ;
; Shift Register Replacement - Allow Asynchronous Clear Signal                    ; On                 ; On                 ;
; Pre-Mapping Resynthesis Optimization                                            ; Off                ; Off                ;
; Analysis & Synthesis Message Level                                              ; Medium             ; Medium             ;
; Disable Register Merging Across Hierarchies                                     ; Auto               ; Auto               ;
; Resource Aware Inference For Block RAM                                          ; On                 ; On                 ;
+---------------------------------------------------------------------------------+--------------------+--------------------+


+------------------------------------------+
; Parallel Compilation                     ;
+----------------------------+-------------+
; Processors                 ; Number      ;
+----------------------------+-------------+
; Number detected on machine ; 16          ;
; Maximum allowed            ; 10          ;
;                            ;             ;
; Average used               ; 1.00        ;
; Maximum used               ; 1           ;
;                            ;             ;
; Usage by Processor         ; % Time Used ;
;     Processor 1            ; 100.0%      ;
+----------------------------+-------------+


+------------------------------------------------------------------------------------------------------------------------------------------------+
; Analysis & Synthesis Source Files Read                                                                                                         ;
+----------------------------------+-----------------+------------------------------+--------------------------------------------------+---------+
; File Name with User-Entered Path ; Used in Netlist ; File Type                    ; File Name with Absolute Path                     ; Library ;
+----------------------------------+-----------------+------------------------------+--------------------------------------------------+---------+
; ../sub/shifter.sv                ; yes             ; User SystemVerilog HDL File  ; C:/Users/Steam/Downloads/cse141L/sub/shifter.sv  ;         ;
; ../sub/adder.sv                  ; yes             ; User SystemVerilog HDL File  ; C:/Users/Steam/Downloads/cse141L/sub/adder.sv    ;         ;
; ../sub/8bitxor.sv                ; yes             ; User SystemVerilog HDL File  ; C:/Users/Steam/Downloads/cse141L/sub/8bitxor.sv  ;         ;
; ../sub/8bitor.sv                 ; yes             ; User SystemVerilog HDL File  ; C:/Users/Steam/Downloads/cse141L/sub/8bitor.sv   ;         ;
; ../sub/8bitand.sv                ; yes             ; User SystemVerilog HDL File  ; C:/Users/Steam/Downloads/cse141L/sub/8bitand.sv  ;         ;
; ../sub/8b8x1mux.sv               ; yes             ; User SystemVerilog HDL File  ; C:/Users/Steam/Downloads/cse141L/sub/8b8x1mux.sv ;         ;
; ../alu.sv                        ; yes             ; User SystemVerilog HDL File  ; C:/Users/Steam/Downloads/cse141L/alu.sv          ;         ;
+----------------------------------+-----------------+------------------------------+--------------------------------------------------+---------+


+-----------------------------------------------------------------+
; Analysis & Synthesis Resource Usage Summary                     ;
+-----------------------------------------------+-----------------+
; Resource                                      ; Usage           ;
+-----------------------------------------------+-----------------+
; Estimated ALUTs Used                          ; 103             ;
;     -- Combinational ALUTs                    ; 103             ;
;     -- Memory ALUTs                           ; 0               ;
;     -- LUT_REGs                               ; 0               ;
; Dedicated logic registers                     ; 0               ;
;                                               ;                 ;
; Estimated ALUTs Unavailable                   ; 24              ;
;     -- Due to unpartnered combinational logic ; 24              ;
;     -- Due to Memory ALUTs                    ; 0               ;
;                                               ;                 ;
; Total combinational functions                 ; 103             ;
; Combinational ALUT usage by number of inputs  ;                 ;
;     -- 7 input functions                      ; 0               ;
;     -- 6 input functions                      ; 24              ;
;     -- 5 input functions                      ; 33              ;
;     -- 4 input functions                      ; 10              ;
;     -- <=3 input functions                    ; 36              ;
;                                               ;                 ;
; Combinational ALUTs by mode                   ;                 ;
;     -- normal mode                            ; 94              ;
;     -- extended LUT mode                      ; 0               ;
;     -- arithmetic mode                        ; 0               ;
;     -- shared arithmetic mode                 ; 9               ;
;                                               ;                 ;
; Estimated ALUT/register pairs used            ; 127             ;
;                                               ;                 ;
; Total registers                               ; 0               ;
;     -- Dedicated logic registers              ; 0               ;
;     -- I/O registers                          ; 0               ;
;     -- LUT_REGs                               ; 0               ;
;                                               ;                 ;
;                                               ;                 ;
; I/O pins                                      ; 38              ;
;                                               ;                 ;
; DSP block 18-bit elements                     ; 0               ;
;                                               ;                 ;
; Maximum fan-out node                          ; sel_a_mux~input ;
; Maximum fan-out                               ; 32              ;
; Total fan-out                                 ; 500             ;
; Average fan-out                               ; 2.79            ;
+-----------------------------------------------+-----------------+


+-----------------------------------------------------------------------------------------------------------------------------------------------------------------------------------------------------------------------------------------+
; Analysis & Synthesis Resource Utilization by Entity                                                                                                                                                                                     ;
+----------------------------+---------------------+---------------------------+-------------------+--------------+---------+-----------+-----------+-----------+------+--------------+----------------------+-------------+--------------+
; Compilation Hierarchy Node ; Combinational ALUTs ; Dedicated Logic Registers ; Block Memory Bits ; DSP Elements ; DSP 9x9 ; DSP 12x12 ; DSP 18x18 ; DSP 36x36 ; Pins ; Virtual Pins ; Full Hierarchy Name  ; Entity Name ; Library Name ;
+----------------------------+---------------------+---------------------------+-------------------+--------------+---------+-----------+-----------+-----------+------+--------------+----------------------+-------------+--------------+
; |alu                       ; 103 (21)            ; 0 (0)                     ; 0                 ; 0            ; 0       ; 0         ; 0         ; 0         ; 38   ; 0            ; |alu                 ; alu         ; work         ;
;    |adder:alu_adder|       ; 9 (9)               ; 0 (0)                     ; 0                 ; 0            ; 0       ; 0         ; 0         ; 0         ; 0    ; 0            ; |alu|adder:alu_adder ; adder       ; work         ;
;    |shifter:shifter|       ; 47 (47)             ; 0 (0)                     ; 0                 ; 0            ; 0       ; 0         ; 0         ; 0         ; 0    ; 0            ; |alu|shifter:shifter ; shifter     ; work         ;
;    |widemux:alu_mux|       ; 26 (26)             ; 0 (0)                     ; 0                 ; 0            ; 0       ; 0         ; 0         ; 0         ; 0    ; 0            ; |alu|widemux:alu_mux ; widemux     ; work         ;
+----------------------------+---------------------+---------------------------+-------------------+--------------+---------+-----------+-----------+-----------+------+--------------+----------------------+-------------+--------------+
Note: For table entries with two numbers listed, the numbers in parentheses indicate the number of resources of the given type used by the specific entity alone. The numbers listed outside of parentheses indicate the total resources of the given type used by the specific entity and all of its sub-entities in the hierarchy.


+------------------------------------------------------+
; General Register Statistics                          ;
+----------------------------------------------+-------+
; Statistic                                    ; Value ;
+----------------------------------------------+-------+
; Total registers                              ; 0     ;
; Number of registers using Synchronous Clear  ; 0     ;
; Number of registers using Synchronous Load   ; 0     ;
; Number of registers using Asynchronous Clear ; 0     ;
; Number of registers using Asynchronous Load  ; 0     ;
; Number of registers using Clock Enable       ; 0     ;
; Number of registers using Preset             ; 0     ;
+----------------------------------------------+-------+


+------------------------------------------------------------------------------------------------------------------------------------------------+
; Multiplexer Restructuring Statistics (Restructuring Performed)                                                                                 ;
+--------------------+-----------+---------------+----------------------+------------------------+------------+----------------------------------+
; Multiplexer Inputs ; Bus Width ; Baseline Area ; Area if Restructured ; Saving if Restructured ; Registered ; Example Multiplexer Output       ;
+--------------------+-----------+---------------+----------------------+------------------------+------------+----------------------------------+
; 4:1                ; 8 bits    ; 16 ALUTs      ; 16 ALUTs             ; 0 ALUTs                ; No         ; |alu|out_b_mux[2]                ;
; 3:1                ; 2 bits    ; 4 ALUTs       ; 4 ALUTs              ; 0 ALUTs                ; No         ; |alu|shifter:shifter|ShiftRight1 ;
; 4:1                ; 2 bits    ; 4 ALUTs       ; 4 ALUTs              ; 0 ALUTs                ; No         ; |alu|shifter:shifter|ShiftRight1 ;
; 4:1                ; 6 bits    ; 12 ALUTs      ; 12 ALUTs             ; 0 ALUTs                ; No         ; |alu|shifter:shifter|ShiftRight0 ;
; 3:1                ; 8 bits    ; 16 ALUTs      ; 16 ALUTs             ; 0 ALUTs                ; No         ; |alu|shifter:shifter|ShiftLeft0  ;
; 3:1                ; 3 bits    ; 6 ALUTs       ; 6 ALUTs              ; 0 ALUTs                ; No         ; |alu|shifter:shifter|ShiftLeft0  ;
; 3:1                ; 3 bits    ; 6 ALUTs       ; 6 ALUTs              ; 0 ALUTs                ; No         ; |alu|shifter:shifter|ShiftRight0 ;
; 3:1                ; 3 bits    ; 6 ALUTs       ; 6 ALUTs              ; 0 ALUTs                ; No         ; |alu|shifter:shifter|ShiftRight0 ;
; 6:1                ; 4 bits    ; 16 ALUTs      ; 16 ALUTs             ; 0 ALUTs                ; No         ; |alu|shifter:shifter|ShiftRight1 ;
; 11:1               ; 8 bits    ; 56 ALUTs      ; 56 ALUTs             ; 0 ALUTs                ; No         ; |alu|widemux:alu_mux|Mux2        ;
+--------------------+-----------+---------------+----------------------+------------------------+------------+----------------------------------+


+-----------------------------------------------------------------------------------------------------------------------------------------------------------------------------------------------------------------+
; Port Connectivity Checks: "widemux:alu_mux"                                                                                                                                                                     ;
+-----------+-------+----------+----------------------------------------------------------------------------------------------------------------------------------------------------------------------------------+
; Port      ; Type  ; Severity ; Details                                                                                                                                                                          ;
+-----------+-------+----------+----------------------------------------------------------------------------------------------------------------------------------------------------------------------------------+
; in6       ; Input ; Info     ; Stuck at GND                                                                                                                                                                     ;
; in7[7..1] ; Input ; Info     ; Stuck at GND                                                                                                                                                                     ;
; in7[0]    ; Input ; Info     ; Stuck at VCC                                                                                                                                                                     ;
; sel       ; Input ; Warning  ; Input port expression (4 bits) is wider than the input port (3 bits) it drives.  The 1 most-significant bit(s) in the expression will be dangling if they have no other fanouts. ;
+-----------+-------+----------+----------------------------------------------------------------------------------------------------------------------------------------------------------------------------------+


+-----------------------------------------------------+
; Post-Synthesis Netlist Statistics for Top Partition ;
+-----------------------+-----------------------------+
; Type                  ; Count                       ;
+-----------------------+-----------------------------+
; boundary_port         ; 38                          ;
; stratixiv_lcell_comb  ; 104                         ;
;     normal            ; 95                          ;
;         1 data inputs ; 1                           ;
;         2 data inputs ; 11                          ;
;         3 data inputs ; 17                          ;
;         4 data inputs ; 9                           ;
;         5 data inputs ; 33                          ;
;         6 data inputs ; 24                          ;
;     shared            ; 9                           ;
;         0 data inputs ; 1                           ;
;         3 data inputs ; 7                           ;
;         4 data inputs ; 1                           ;
;                       ;                             ;
; Max LUT depth         ; 5.20                        ;
; Average LUT depth     ; 4.64                        ;
+-----------------------+-----------------------------+


+-------------------------------+
; Elapsed Time Per Partition    ;
+----------------+--------------+
; Partition Name ; Elapsed Time ;
+----------------+--------------+
; Top            ; 00:00:00     ;
+----------------+--------------+


+-------------------------------+
; Analysis & Synthesis Messages ;
+-------------------------------+
Info: *******************************************************************
Info: Running Quartus Prime Analysis & Synthesis
    Info: Version 20.1.1 Build 720 11/11/2020 SJ Lite Edition
    Info: Processing started: Fri May 17 13:40:12 2024
Info: Command: quartus_map --read_settings_files=on --write_settings_files=off alu -c alu
Warning (18236): Number of processors has not been specified which may cause overloading on shared machines.  Set the global assignment NUM_PARALLEL_PROCESSORS in your QSF to an appropriate value for best performance.
Info (20030): Parallel compilation is enabled and will use 10 of the 10 processors detected
Info (12021): Found 1 design units, including 1 entities, in source file /users/steam/downloads/cse141l/sub/shifter.sv
    Info (12023): Found entity 1: shifter File: C:/Users/Steam/Downloads/cse141L/sub/shifter.sv Line: 3
Info (12021): Found 1 design units, including 1 entities, in source file /users/steam/downloads/cse141l/sub/adder.sv
    Info (12023): Found entity 1: adder File: C:/Users/Steam/Downloads/cse141L/sub/adder.sv Line: 3
Info (12021): Found 1 design units, including 1 entities, in source file /users/steam/downloads/cse141l/sub/8bitxor.sv
    Info (12023): Found entity 1: alu_xor File: C:/Users/Steam/Downloads/cse141L/sub/8bitxor.sv Line: 3
Info (12021): Found 1 design units, including 1 entities, in source file /users/steam/downloads/cse141l/sub/8bitor.sv
    Info (12023): Found entity 1: alu_or File: C:/Users/Steam/Downloads/cse141L/sub/8bitor.sv Line: 3
Info (12021): Found 1 design units, including 1 entities, in source file /users/steam/downloads/cse141l/sub/8bitand.sv
    Info (12023): Found entity 1: alu_and File: C:/Users/Steam/Downloads/cse141L/sub/8bitand.sv Line: 3
Info (12021): Found 1 design units, including 1 entities, in source file /users/steam/downloads/cse141l/sub/8b8x1mux.sv
    Info (12023): Found entity 1: widemux File: C:/Users/Steam/Downloads/cse141L/sub/8b8x1mux.sv Line: 3
Info (12021): Found 1 design units, including 1 entities, in source file /users/steam/downloads/cse141l/alu.sv
    Info (12023): Found entity 1: alu File: C:/Users/Steam/Downloads/cse141L/alu.sv Line: 3
Info (12127): Elaborating entity "alu" for the top level hierarchy
Info (12128): Elaborating entity "adder" for hierarchy "adder:alu_adder" File: C:/Users/Steam/Downloads/cse141L/alu.sv Line: 44
Info (12128): Elaborating entity "widemux" for hierarchy "widemux:alu_mux" File: C:/Users/Steam/Downloads/cse141L/alu.sv Line: 47
Info (12128): Elaborating entity "alu_and" for hierarchy "alu_and:alu_and" File: C:/Users/Steam/Downloads/cse141L/alu.sv Line: 49
Info (12128): Elaborating entity "alu_or" for hierarchy "alu_or:alu_or" File: C:/Users/Steam/Downloads/cse141L/alu.sv Line: 50
Info (12128): Elaborating entity "alu_xor" for hierarchy "alu_xor:alu_xor" File: C:/Users/Steam/Downloads/cse141L/alu.sv Line: 51
Info (12128): Elaborating entity "shifter" for hierarchy "shifter:shifter" File: C:/Users/Steam/Downloads/cse141L/alu.sv Line: 53
Warning (12241): 1 hierarchies have connectivity warnings - see the Connectivity Checks report folder
Info (286030): Timing-Driven Synthesis is running
Info (16010): Generating hard_block partition "hard_block:auto_generated_inst"
    Info (16011): Adding 0 node(s), including 0 DDIO, 0 PLL, 0 transceiver and 0 LCELL
Warning (21074): Design contains 1 input pin(s) that do not drive logic
    Warning (15610): No output dependent on input pin "sel_out_mux[3]" File: C:/Users/Steam/Downloads/cse141L/alu.sv Line: 11
Info (21057): Implemented 141 device resources after synthesis - the final resource count might be different
    Info (21058): Implemented 27 input pins
    Info (21059): Implemented 11 output pins
    Info (21061): Implemented 103 logic cells
Info: Quartus Prime Analysis & Synthesis was successful. 0 errors, 4 warnings
    Info: Peak virtual memory: 4843 megabytes
    Info: Processing ended: Fri May 17 13:40:19 2024
    Info: Elapsed time: 00:00:07
    Info: Total CPU time (on all processors): 00:00:16


